<?xml version="1.0" encoding="UTF-8"?>
<!-- Generated by org.testng.reporters.JUnitXMLReporter -->
<testsuite hostname="MLIW5GTH7H2" ignored="0" name="Default test" tests="2" failures="0" timestamp="20 Jan 2019 00:16:05 GMT" time="37.417" errors="0">
  <testcase name="validateContactsPagelabelTest" time="0.134" classname="com.crm.qa.testcases.ContactsPageTestCase"/>
  <testcase name="selectContactsTest" time="0.389" classname="com.crm.qa.testcases.ContactsPageTestCase"/>
</testsuite> <!-- Default test -->
